INFO:root:batch_no=92
INFO:root:rmse_total=2.0514981837866366
INFO:root:mae_total=0.8426416394685922
INFO:root:batch_no=93
INFO:root:rmse_total=2.047072548592638
INFO:root:mae_total=0.8407023955986247
INFO:root:batch_no=94
INFO:root:rmse_total=2.0453781388712686
INFO:root:mae_total=0.842375357080848
INFO:root:batch_no=95
INFO:root:rmse_total=2.0492398785254196
INFO:root:mae_total=0.8449230831667055
INFO:root:batch_no=96
INFO:root:rmse_total=2.042984717925353
INFO:root:mae_total=0.8431215947077356
INFO:root:batch_no=97
INFO:root:rmse_total=2.0381088174030495
INFO:root:mae_total=0.8431566786582403
INFO:root:batch_no=98
INFO:root:rmse_total=2.039864855029253
INFO:root:mae_total=0.846329198582414
INFO:root:batch_no=99
INFO:root:rmse_total=2.0339519429049195
INFO:root:mae_total=0.845146732121202
INFO:root:batch_no=100
INFO:root:rmse_total=2.0425736306232776
INFO:root:mae_total=0.8474478211341908
INFO:root:batch_no=101
INFO:root:rmse_total=2.046256736281234
INFO:root:mae_total=0.8510899889317001
INFO:root:batch_no=102
INFO:root:rmse_total=2.0437136425973286
INFO:root:mae_total=0.8493617696108194
INFO:root:batch_no=103
INFO:root:rmse_total=2.0439670863321164
INFO:root:mae_total=0.8501403067213599
INFO:root:batch_no=104
INFO:root:rmse_total=2.042168694844307
INFO:root:mae_total=0.8509227055303132
INFO:root:batch_no=105
INFO:root:rmse_total=2.0351775525323235
INFO:root:mae_total=0.848325501443646
INFO:root:batch_no=106
INFO:root:rmse_total=2.033211744431109
INFO:root:mae_total=0.8495111977047017
INFO:root:batch_no=107
INFO:root:rmse_total=2.028735348973955
INFO:root:mae_total=0.8498719027932202
INFO:root:batch_no=108
INFO:root:rmse_total=2.0264011211080706
INFO:root:mae_total=0.8494121431613327
INFO:root:batch_no=109
INFO:root:RMSE=2.0264011211080706
INFO:root:MAE=0.8494121431613327
INFO:root:CRPS=0.010526522994041443
INFO:root:std=0.011140253394842148
