INFO:root:avg_epoch_loss:0.2965150042281325, epoch:0
INFO:root:avg_epoch_loss:0.21066315227547677, epoch:1
INFO:root:avg_epoch_loss:0.18551002339796818, epoch:2
INFO:root:avg_epoch_loss:0.18078997120895285, epoch:3
INFO:root:avg_epoch_loss:0.15923267767671212, epoch:4
INFO:root:avg_epoch_loss:0.1757604842750769, epoch:5
INFO:root:avg_epoch_loss:0.16182616830868563, epoch:6
INFO:root:avg_epoch_loss:0.16637503592676758, epoch:7
INFO:root:avg_epoch_loss:0.16442746817952414, epoch:8
INFO:root:avg_epoch_loss:0.15519304389536018, epoch:9
INFO:root:avg_epoch_loss:0.15749148981458871, epoch:10
INFO:root:avg_epoch_loss:0.14845054323493437, epoch:11
INFO:root:avg_epoch_loss:0.14655289055898468, epoch:12
INFO:root:avg_epoch_loss:0.1550502689402426, epoch:13
INFO:root:avg_epoch_loss:0.15046639761980907, epoch:14
INFO:root:avg_epoch_loss:0.15460391514184446, epoch:15
INFO:root:avg_epoch_loss:0.1575302643741065, epoch:16
INFO:root:avg_epoch_loss:0.15796481194908768, epoch:17
INFO:root:avg_epoch_loss:0.1497036356473268, epoch:18
INFO:root:avg_epoch_loss:0.14540569625206087, epoch:19
INFO:root:avg_epoch_loss:0.14387410095578632, epoch:20
INFO:root:avg_epoch_loss:0.14851399127529838, epoch:21
INFO:root:avg_epoch_loss:0.14434983216984745, epoch:22
INFO:root:avg_epoch_loss:0.13934148109792577, epoch:23
INFO:root:avg_epoch_loss:0.14683160936250422, epoch:24
INFO:root:avg_epoch_loss:0.1429719559219878, epoch:25
INFO:root:avg_epoch_loss:0.14186297725365246, epoch:26
INFO:root:avg_epoch_loss:0.14401958164076764, epoch:27
INFO:root:avg_epoch_loss:0.14904869013214003, epoch:28
INFO:root:avg_epoch_loss:0.14563285633581932, epoch:29
INFO:root:avg_epoch_loss:0.13613874657153177, epoch:30
INFO:root:avg_epoch_loss:0.1424288528130636, epoch:31
INFO:root:avg_epoch_loss:0.148611452560702, epoch:32
INFO:root:avg_epoch_loss:0.1504736584427237, epoch:33
INFO:root:avg_epoch_loss:0.13322597108696416, epoch:34
INFO:root:avg_epoch_loss:0.14546332065876585, epoch:35
INFO:root:avg_epoch_loss:0.14139067197903582, epoch:36
INFO:root:avg_epoch_loss:0.14306838280311857, epoch:37
INFO:root:avg_epoch_loss:0.13752801545915452, epoch:38
INFO:root:avg_epoch_loss:0.1400943534692189, epoch:39
INFO:root:avg_epoch_loss:0.13614541865279473, epoch:40
INFO:root:avg_epoch_loss:0.14103418521266034, epoch:41
INFO:root:avg_epoch_loss:0.13619176259739918, epoch:42
INFO:root:avg_epoch_loss:0.13511534305544157, epoch:43
INFO:root:avg_epoch_loss:0.138799256962189, epoch:44
INFO:root:avg_epoch_loss:0.1444518561390056, epoch:45
INFO:root:avg_epoch_loss:0.13710974094579648, epoch:46
INFO:root:avg_epoch_loss:0.136525350199633, epoch:47
INFO:root:avg_epoch_loss:0.1330740191070731, epoch:48
INFO:root:avg_epoch_loss:0.1403909386461176, epoch:49
INFO:root:avg_epoch_loss:0.1346196719872734, epoch:50
INFO:root:avg_epoch_loss:0.13383383638477434, epoch:51
INFO:root:avg_epoch_loss:0.14229033362845067, epoch:52
INFO:root:avg_epoch_loss:0.13911728719730598, epoch:53
INFO:root:avg_epoch_loss:0.13025629590760837, epoch:54
INFO:root:avg_epoch_loss:0.1396884936938419, epoch:55
INFO:root:avg_epoch_loss:0.14098251111363838, epoch:56
INFO:root:avg_epoch_loss:0.1398342214949361, epoch:57
INFO:root:avg_epoch_loss:0.13753349852032032, epoch:58
INFO:root:avg_epoch_loss:0.1302135344424871, epoch:59
INFO:root:avg_epoch_loss:0.14167846495846123, epoch:60
INFO:root:avg_epoch_loss:0.13489821345735012, epoch:61
INFO:root:avg_epoch_loss:0.1407437180239696, epoch:62
INFO:root:avg_epoch_loss:0.14106242013897033, epoch:63
INFO:root:avg_epoch_loss:0.122861361783564, epoch:64
INFO:root:avg_epoch_loss:0.14066247775086335, epoch:65
INFO:root:avg_epoch_loss:0.13709825915241994, epoch:66
INFO:root:avg_epoch_loss:0.13390113477167703, epoch:67
INFO:root:avg_epoch_loss:0.13290598987117636, epoch:68
INFO:root:avg_epoch_loss:0.13261412238096393, epoch:69
INFO:root:avg_epoch_loss:0.1310142266824502, epoch:70
INFO:root:avg_epoch_loss:0.13713459214506993, epoch:71
INFO:root:avg_epoch_loss:0.12828854652048063, epoch:72
INFO:root:avg_epoch_loss:0.14130726620826678, epoch:73
INFO:root:avg_epoch_loss:0.14347772859886151, epoch:74
INFO:root:avg_epoch_loss:0.134645953731283, epoch:75
INFO:root:avg_epoch_loss:0.13701761200016302, epoch:76
INFO:root:avg_epoch_loss:0.1370168571278317, epoch:77
INFO:root:avg_epoch_loss:0.1296271573395488, epoch:78
INFO:root:avg_epoch_loss:0.13205486766733568, epoch:79
INFO:root:avg_epoch_loss:0.13262233977123958, epoch:80
INFO:root:avg_epoch_loss:0.13201344419712355, epoch:81
INFO:root:avg_epoch_loss:0.13472599443472855, epoch:82
INFO:root:avg_epoch_loss:0.1310333190768912, epoch:83
INFO:root:avg_epoch_loss:0.13027221611120646, epoch:84
INFO:root:avg_epoch_loss:0.13689568030469595, epoch:85
INFO:root:avg_epoch_loss:0.13457611757316443, epoch:86
INFO:root:avg_epoch_loss:0.1294293303982465, epoch:87
INFO:root:avg_epoch_loss:0.13260155305617397, epoch:88
INFO:root:avg_epoch_loss:0.12303925154441939, epoch:89
INFO:root:avg_epoch_loss:0.12728348163757644, epoch:90
INFO:root:avg_epoch_loss:0.12750650218215212, epoch:91
INFO:root:avg_epoch_loss:0.12683438660299523, epoch:92
INFO:root:avg_epoch_loss:0.1394277954258953, epoch:93
INFO:root:avg_epoch_loss:0.13228001549845636, epoch:94
INFO:root:avg_epoch_loss:0.13661743069243104, epoch:95
INFO:root:avg_epoch_loss:0.1429618529856522, epoch:96
INFO:root:avg_epoch_loss:0.12811164933576683, epoch:97
INFO:root:avg_epoch_loss:0.1305173454044732, epoch:98
INFO:root:avg_epoch_loss:0.1282278981334374, epoch:99
INFO:root:avg_epoch_loss:0.13497444543998835, epoch:100
INFO:root:avg_epoch_loss:0.13255926199953744, epoch:101
INFO:root:avg_epoch_loss:0.1325639666434615, epoch:102
INFO:root:avg_epoch_loss:0.1322373463446699, epoch:103
INFO:root:avg_epoch_loss:0.12851404499171987, epoch:104
INFO:root:valid_avg_epoch_loss0.14083962738513947, epoch:104
INFO:root:best loss is updated to 0.14083962738513947 at 104
INFO:root:avg_epoch_loss:0.12368098380593272, epoch:105
INFO:root:avg_epoch_loss:0.13017334355364094, epoch:106
INFO:root:avg_epoch_loss:0.13752913269239808, epoch:107
INFO:root:avg_epoch_loss:0.13435168401550468, epoch:108
INFO:root:avg_epoch_loss:0.13715603426495132, epoch:109
INFO:root:valid_avg_epoch_loss0.14605804532766342, epoch:109
INFO:root:avg_epoch_loss:0.1319631423495461, epoch:110
INFO:root:avg_epoch_loss:0.12775844551543605, epoch:111
INFO:root:avg_epoch_loss:0.13413825219123424, epoch:112
INFO:root:avg_epoch_loss:0.1409714686738095, epoch:113
INFO:root:avg_epoch_loss:0.13014220246779068, epoch:114
INFO:root:valid_avg_epoch_loss0.14341580793261527, epoch:114
INFO:root:avg_epoch_loss:0.13500732162791818, epoch:115
INFO:root:avg_epoch_loss:0.1266458136960864, epoch:116
INFO:root:avg_epoch_loss:0.13116077074531954, epoch:117
INFO:root:avg_epoch_loss:0.13670145644661957, epoch:118
INFO:root:avg_epoch_loss:0.13424986738451164, epoch:119
INFO:root:valid_avg_epoch_loss0.14140264987945556, epoch:119
INFO:root:avg_epoch_loss:0.1381711351903195, epoch:120
INFO:root:avg_epoch_loss:0.13880446839987054, epoch:121
INFO:root:avg_epoch_loss:0.13409072876905054, epoch:122
INFO:root:avg_epoch_loss:0.1390013489376833, epoch:123
INFO:root:avg_epoch_loss:0.128076801288839, epoch:124
INFO:root:valid_avg_epoch_loss0.13986837565898896, epoch:124
INFO:root:best loss is updated to 0.13986837565898896 at 124
INFO:root:avg_epoch_loss:0.12716337387367946, epoch:125
INFO:root:avg_epoch_loss:0.13714846471851086, epoch:126
INFO:root:avg_epoch_loss:0.1461877460509403, epoch:127
INFO:root:avg_epoch_loss:0.12740529718805998, epoch:128
INFO:root:avg_epoch_loss:0.12512063456552053, epoch:129
INFO:root:valid_avg_epoch_loss0.14173830449581146, epoch:129
INFO:root:avg_epoch_loss:0.12387549306767055, epoch:130
INFO:root:avg_epoch_loss:0.13013180357752238, epoch:131
INFO:root:avg_epoch_loss:0.1279814889524302, epoch:132
INFO:root:avg_epoch_loss:0.1354401660573564, epoch:133
INFO:root:avg_epoch_loss:0.12542808083053056, epoch:134
INFO:root:valid_avg_epoch_loss0.14155020266771318, epoch:134
INFO:root:avg_epoch_loss:0.1352732142654324, epoch:135
INFO:root:avg_epoch_loss:0.12280287112372625, epoch:136
INFO:root:avg_epoch_loss:0.1414048855892159, epoch:137
INFO:root:avg_epoch_loss:0.1301212934041141, epoch:138
INFO:root:avg_epoch_loss:0.12654252408927244, epoch:139
INFO:root:valid_avg_epoch_loss0.13987528830766677, epoch:139
INFO:root:avg_epoch_loss:0.13723880601452387, epoch:140
INFO:root:avg_epoch_loss:0.11898491341099822, epoch:141
INFO:root:avg_epoch_loss:0.1238326776084861, epoch:142
INFO:root:avg_epoch_loss:0.13579909680099836, epoch:143
INFO:root:avg_epoch_loss:0.13327980876297302, epoch:144
INFO:root:valid_avg_epoch_loss0.13964180648326874, epoch:144
INFO:root:best loss is updated to 0.13964180648326874 at 144
INFO:root:avg_epoch_loss:0.13502066149900024, epoch:145
INFO:root:avg_epoch_loss:0.1238040099766864, epoch:146
INFO:root:avg_epoch_loss:0.12935547346085038, epoch:147
INFO:root:avg_epoch_loss:0.1329450457495578, epoch:148
INFO:root:avg_epoch_loss:0.13589663543429872, epoch:149
INFO:root:valid_avg_epoch_loss0.14117807075381278, epoch:149
INFO:root:avg_epoch_loss:0.12461761910734433, epoch:150
INFO:root:avg_epoch_loss:0.1308488881790099, epoch:151
INFO:root:avg_epoch_loss:0.1239040627718923, epoch:152
INFO:root:avg_epoch_loss:0.12240689034123642, epoch:153
INFO:root:avg_epoch_loss:0.12278512734806556, epoch:154
INFO:root:valid_avg_epoch_loss0.13516632318496705, epoch:154
INFO:root:best loss is updated to 0.13516632318496705 at 154
INFO:root:avg_epoch_loss:0.1273776484005108, epoch:155
INFO:root:avg_epoch_loss:0.12678582252691128, epoch:156
INFO:root:avg_epoch_loss:0.12126786789168975, epoch:157
INFO:root:avg_epoch_loss:0.12434350907955444, epoch:158
INFO:root:avg_epoch_loss:0.12027568252910054, epoch:159
INFO:root:valid_avg_epoch_loss0.13575096875429155, epoch:159
INFO:root:avg_epoch_loss:0.12571251584007476, epoch:160
INFO:root:avg_epoch_loss:0.12451066783032066, epoch:161
INFO:root:avg_epoch_loss:0.12399918303717392, epoch:162
INFO:root:avg_epoch_loss:0.12123647470899085, epoch:163
INFO:root:avg_epoch_loss:0.12051060869383957, epoch:164
INFO:root:valid_avg_epoch_loss0.1361066371202469, epoch:164
INFO:root:avg_epoch_loss:0.12702963899645536, epoch:165
INFO:root:avg_epoch_loss:0.12359994147921202, epoch:166
INFO:root:avg_epoch_loss:0.12437570963966403, epoch:167
INFO:root:avg_epoch_loss:0.12253733779838745, epoch:168
INFO:root:avg_epoch_loss:0.12622148209282602, epoch:169
INFO:root:valid_avg_epoch_loss0.1342308260500431, epoch:169
INFO:root:best loss is updated to 0.1342308260500431 at 169
INFO:root:avg_epoch_loss:0.12423487622177619, epoch:170
INFO:root:avg_epoch_loss:0.1324032103659806, epoch:171
INFO:root:avg_epoch_loss:0.11933731900012874, epoch:172
INFO:root:avg_epoch_loss:0.13019973211454675, epoch:173
INFO:root:avg_epoch_loss:0.12873600897631157, epoch:174
INFO:root:valid_avg_epoch_loss0.13620275259017944, epoch:174
INFO:root:avg_epoch_loss:0.12888274310541686, epoch:175
INFO:root:avg_epoch_loss:0.12031549779347238, epoch:176
INFO:root:avg_epoch_loss:0.12564152908599213, epoch:177
INFO:root:avg_epoch_loss:0.12720138197170294, epoch:178
INFO:root:avg_epoch_loss:0.11963243578988096, epoch:179
INFO:root:valid_avg_epoch_loss0.13538583666086196, epoch:179
INFO:root:avg_epoch_loss:0.1302732061665494, epoch:180
INFO:root:avg_epoch_loss:0.1125866886947338, epoch:181
INFO:root:avg_epoch_loss:0.12444657257030574, epoch:182
INFO:root:avg_epoch_loss:0.12296438326855334, epoch:183
INFO:root:avg_epoch_loss:0.12503393777818803, epoch:184
INFO:root:valid_avg_epoch_loss0.13407236561179162, epoch:184
INFO:root:best loss is updated to 0.13407236561179162 at 184
INFO:root:avg_epoch_loss:0.1211067196859279, epoch:185
INFO:root:avg_epoch_loss:0.12176614509057537, epoch:186
INFO:root:avg_epoch_loss:0.12414231781471283, epoch:187
INFO:root:avg_epoch_loss:0.11555805932702129, epoch:188
INFO:root:avg_epoch_loss:0.11592964838063599, epoch:189
INFO:root:valid_avg_epoch_loss0.13474865555763244, epoch:189
INFO:root:avg_epoch_loss:0.11946093425434932, epoch:190
INFO:root:avg_epoch_loss:0.12556893478988423, epoch:191
INFO:root:avg_epoch_loss:0.12398096800450586, epoch:192
INFO:root:avg_epoch_loss:0.12856412898341482, epoch:193
INFO:root:avg_epoch_loss:0.126262521790199, epoch:194
INFO:root:valid_avg_epoch_loss0.1341089867055416, epoch:194
INFO:root:avg_epoch_loss:0.12060844274888828, epoch:195
INFO:root:avg_epoch_loss:0.12467061577783756, epoch:196
INFO:root:avg_epoch_loss:0.12071331043792803, epoch:197
INFO:root:avg_epoch_loss:0.11606104663179728, epoch:198
INFO:root:avg_epoch_loss:0.12116527791194459, epoch:199
INFO:root:valid_avg_epoch_loss0.1345949538052082, epoch:199
INFO:root:model_name=
INFO:root:rmse_total=33.74276194056819
INFO:root:mae_total=17.935655285322053
INFO:root:batch_no=1
INFO:root:rmse_total=26.699078524408197
INFO:root:mae_total=13.551016663041759
INFO:root:batch_no=2
INFO:root:rmse_total=21.631099720760556
INFO:root:mae_total=10.804438083251473
INFO:root:batch_no=3
INFO:root:rmse_total=18.529939902581184
INFO:root:mae_total=9.400132474000346
INFO:root:batch_no=4
INFO:root:rmse_total=18.166795944094595
INFO:root:mae_total=9.288852661746231
INFO:root:batch_no=5
INFO:root:rmse_total=18.13909435105918
INFO:root:mae_total=9.256513061105267
INFO:root:batch_no=6
INFO:root:RMSE=18.13909435105918
INFO:root:MAE=9.256513061105267
INFO:root:CRPS=0.10326432554345381
std = 1.8271665954736411
1.6373634496135356 1.7051931133096725 2.8959764163353126

