INFO:root:avg_epoch_loss:0.29641335300172716, epoch:0
INFO:root:avg_epoch_loss:0.2101877659876296, epoch:1
INFO:root:avg_epoch_loss:0.1861067165402656, epoch:2
INFO:root:avg_epoch_loss:0.1805917515524162, epoch:3
INFO:root:avg_epoch_loss:0.15987639875918355, epoch:4
INFO:root:avg_epoch_loss:0.1773286465793214, epoch:5
INFO:root:avg_epoch_loss:0.1621577161050042, epoch:6
INFO:root:avg_epoch_loss:0.16670459245634478, epoch:7
INFO:root:avg_epoch_loss:0.16445012815794866, epoch:8
INFO:root:avg_epoch_loss:0.15528586271889847, epoch:9
INFO:root:avg_epoch_loss:0.15830143786242123, epoch:10
INFO:root:avg_epoch_loss:0.14801246684474875, epoch:11
INFO:root:avg_epoch_loss:0.14635335121835982, epoch:12
INFO:root:avg_epoch_loss:0.15559975828375316, epoch:13
INFO:root:avg_epoch_loss:0.15139186581579747, epoch:14
INFO:root:avg_epoch_loss:0.15651550738701434, epoch:15
INFO:root:avg_epoch_loss:0.1573374045016329, epoch:16
INFO:root:avg_epoch_loss:0.1582270738665909, epoch:17
INFO:root:avg_epoch_loss:0.1495788450406632, epoch:18
INFO:root:avg_epoch_loss:0.1447926463083701, epoch:19
INFO:root:avg_epoch_loss:0.1443671545786585, epoch:20
INFO:root:avg_epoch_loss:0.14903261268222676, epoch:21
INFO:root:avg_epoch_loss:0.1441754698215511, epoch:22
INFO:root:avg_epoch_loss:0.13942032332297155, epoch:23
INFO:root:avg_epoch_loss:0.14643000683953877, epoch:24
INFO:root:avg_epoch_loss:0.14454305565443262, epoch:25
INFO:root:avg_epoch_loss:0.1423858738643058, epoch:26
INFO:root:avg_epoch_loss:0.14357670825144622, epoch:27
INFO:root:avg_epoch_loss:0.14808469834966773, epoch:28
INFO:root:avg_epoch_loss:0.14537328303618904, epoch:29
INFO:root:avg_epoch_loss:0.1367420642580101, epoch:30
INFO:root:avg_epoch_loss:0.14240932768340983, epoch:31
INFO:root:avg_epoch_loss:0.1484823880949281, epoch:32
INFO:root:avg_epoch_loss:0.15031312762173657, epoch:33
INFO:root:avg_epoch_loss:0.13327770792712149, epoch:34
INFO:root:avg_epoch_loss:0.145321907642606, epoch:35
INFO:root:avg_epoch_loss:0.14139849477161662, epoch:36
INFO:root:avg_epoch_loss:0.14295907511933506, epoch:37
INFO:root:avg_epoch_loss:0.13797873734867364, epoch:38
INFO:root:avg_epoch_loss:0.14193838702565723, epoch:39
INFO:root:avg_epoch_loss:0.13594266435904231, epoch:40
INFO:root:avg_epoch_loss:0.14070413143608979, epoch:41
INFO:root:avg_epoch_loss:0.13595930249557625, epoch:42
INFO:root:avg_epoch_loss:0.1345354796282517, epoch:43
INFO:root:avg_epoch_loss:0.1386858183780181, epoch:44
INFO:root:avg_epoch_loss:0.14446967772680894, epoch:45
INFO:root:avg_epoch_loss:0.13669660028160796, epoch:46
INFO:root:avg_epoch_loss:0.13627781804883146, epoch:47
INFO:root:avg_epoch_loss:0.13360360886697803, epoch:48
INFO:root:avg_epoch_loss:0.1406138120785265, epoch:49
INFO:root:avg_epoch_loss:0.1353804945781555, epoch:50
INFO:root:avg_epoch_loss:0.13312544920524202, epoch:51
INFO:root:avg_epoch_loss:0.14240352617220042, epoch:52
INFO:root:avg_epoch_loss:0.13894396405780296, epoch:53
INFO:root:avg_epoch_loss:0.12987238228162554, epoch:54
INFO:root:avg_epoch_loss:0.13953706562111443, epoch:55
INFO:root:avg_epoch_loss:0.14076767901190781, epoch:56
INFO:root:avg_epoch_loss:0.13977692045531828, epoch:57
INFO:root:avg_epoch_loss:0.13798767310711568, epoch:58
INFO:root:avg_epoch_loss:0.1303957739227811, epoch:59
INFO:root:avg_epoch_loss:0.14122466101257364, epoch:60
INFO:root:avg_epoch_loss:0.1348262812240236, epoch:61
INFO:root:avg_epoch_loss:0.1405057291554055, epoch:62
INFO:root:avg_epoch_loss:0.14121529812383887, epoch:63
INFO:root:avg_epoch_loss:0.12303918373620981, epoch:64
INFO:root:avg_epoch_loss:0.14061603766772612, epoch:65
INFO:root:avg_epoch_loss:0.1370755058251842, epoch:66
INFO:root:avg_epoch_loss:0.1343919084984866, epoch:67
INFO:root:avg_epoch_loss:0.13293226354254414, epoch:68
INFO:root:avg_epoch_loss:0.13209879118666099, epoch:69
INFO:root:avg_epoch_loss:0.13258717069543877, epoch:70
INFO:root:avg_epoch_loss:0.13743128632350987, epoch:71
INFO:root:avg_epoch_loss:0.12826283513582495, epoch:72
INFO:root:avg_epoch_loss:0.14131119200750325, epoch:73
INFO:root:avg_epoch_loss:0.14346185994920488, epoch:74
INFO:root:avg_epoch_loss:0.13468421442366255, epoch:75
INFO:root:avg_epoch_loss:0.13633641514411948, epoch:76
INFO:root:avg_epoch_loss:0.13733704462307747, epoch:77
INFO:root:avg_epoch_loss:0.12957363464164698, epoch:78
INFO:root:avg_epoch_loss:0.1322381335783376, epoch:79
INFO:root:avg_epoch_loss:0.13243647598545422, epoch:80
INFO:root:avg_epoch_loss:0.1320087492075327, epoch:81
INFO:root:avg_epoch_loss:0.13473181489085082, epoch:82
INFO:root:avg_epoch_loss:0.13107005890606022, epoch:83
INFO:root:avg_epoch_loss:0.13036953683908586, epoch:84
INFO:root:avg_epoch_loss:0.137139193899788, epoch:85
INFO:root:avg_epoch_loss:0.1354635327921382, epoch:86
INFO:root:avg_epoch_loss:0.12927051352784263, epoch:87
INFO:root:avg_epoch_loss:0.13244050714020308, epoch:88
INFO:root:avg_epoch_loss:0.12342437769436365, epoch:89
INFO:root:avg_epoch_loss:0.12782959312789346, epoch:90
INFO:root:avg_epoch_loss:0.12763350184067043, epoch:91
INFO:root:avg_epoch_loss:0.12715443041554927, epoch:92
INFO:root:avg_epoch_loss:0.13957430300866125, epoch:93
INFO:root:avg_epoch_loss:0.13202942078961427, epoch:94
INFO:root:avg_epoch_loss:0.1372900951857534, epoch:95
INFO:root:avg_epoch_loss:0.14243052048908722, epoch:96
INFO:root:avg_epoch_loss:0.12835557646426657, epoch:97
INFO:root:avg_epoch_loss:0.1311805938061972, epoch:98
INFO:root:avg_epoch_loss:0.12864339492343208, epoch:99
INFO:root:avg_epoch_loss:0.1351589164243711, epoch:100
INFO:root:avg_epoch_loss:0.1317797259209638, epoch:101
INFO:root:avg_epoch_loss:0.13275247849354174, epoch:102
INFO:root:avg_epoch_loss:0.13262978538950074, epoch:103
INFO:root:avg_epoch_loss:0.12880347364817074, epoch:104
INFO:root:valid_avg_epoch_loss0.14464505463838578, epoch:104
INFO:root:best loss is updated to 0.14464505463838578 at 104
INFO:root:avg_epoch_loss:0.12359832280731582, epoch:105
INFO:root:avg_epoch_loss:0.13122443510870532, epoch:106
INFO:root:avg_epoch_loss:0.13784853780874276, epoch:107
INFO:root:avg_epoch_loss:0.13472356311948602, epoch:108
INFO:root:avg_epoch_loss:0.13690388608316248, epoch:109
INFO:root:valid_avg_epoch_loss0.14796561151742935, epoch:109
INFO:root:avg_epoch_loss:0.1324247991918136, epoch:110
INFO:root:avg_epoch_loss:0.1286638942589604, epoch:111
INFO:root:avg_epoch_loss:0.1343968371934283, epoch:112
INFO:root:avg_epoch_loss:0.14127565284279434, epoch:113
INFO:root:avg_epoch_loss:0.13033749072000067, epoch:114
INFO:root:valid_avg_epoch_loss0.14856635257601739, epoch:114
INFO:root:avg_epoch_loss:0.1352470292551245, epoch:115
INFO:root:avg_epoch_loss:0.1267067844750173, epoch:116
INFO:root:avg_epoch_loss:0.13167707291134495, epoch:117
INFO:root:avg_epoch_loss:0.13694627443753116, epoch:118
INFO:root:avg_epoch_loss:0.13414721939101318, epoch:119
INFO:root:valid_avg_epoch_loss0.14214732348918915, epoch:119
INFO:root:best loss is updated to 0.14214732348918915 at 119
INFO:root:avg_epoch_loss:0.13826117674200186, epoch:120
INFO:root:avg_epoch_loss:0.13883688751647763, epoch:121
INFO:root:avg_epoch_loss:0.13446565697926427, epoch:122
INFO:root:avg_epoch_loss:0.1395072060407884, epoch:123
INFO:root:avg_epoch_loss:0.12873858132464727, epoch:124
INFO:root:valid_avg_epoch_loss0.14407483190298082, epoch:124
INFO:root:avg_epoch_loss:0.12789472904747018, epoch:125
INFO:root:avg_epoch_loss:0.13733580582817637, epoch:126
INFO:root:avg_epoch_loss:0.14653819918173924, epoch:127
INFO:root:avg_epoch_loss:0.1279034202969364, epoch:128
INFO:root:avg_epoch_loss:0.12564151940618198, epoch:129
INFO:root:valid_avg_epoch_loss0.14480073302984237, epoch:129
INFO:root:avg_epoch_loss:0.12395653063799382, epoch:130
INFO:root:avg_epoch_loss:0.13058171971590685, epoch:131
INFO:root:avg_epoch_loss:0.12816307255517023, epoch:132
INFO:root:avg_epoch_loss:0.1358822123359855, epoch:133
INFO:root:avg_epoch_loss:0.12602306084882886, epoch:134
INFO:root:valid_avg_epoch_loss0.14285819381475448, epoch:134
INFO:root:avg_epoch_loss:0.13572728907615852, epoch:135
INFO:root:avg_epoch_loss:0.1224944076209264, epoch:136
INFO:root:avg_epoch_loss:0.1417593454041923, epoch:137
INFO:root:avg_epoch_loss:0.1307509454437121, epoch:138
INFO:root:avg_epoch_loss:0.1271661565098402, epoch:139
INFO:root:valid_avg_epoch_loss0.14125437811017036, epoch:139
INFO:root:best loss is updated to 0.14125437811017036 at 139
INFO:root:avg_epoch_loss:0.13765261926628808, epoch:140
INFO:root:avg_epoch_loss:0.11860960753391125, epoch:141
INFO:root:avg_epoch_loss:0.12368207132743847, epoch:142
INFO:root:avg_epoch_loss:0.13584175886795785, epoch:143
INFO:root:avg_epoch_loss:0.13383100552931654, epoch:144
INFO:root:valid_avg_epoch_loss0.14344456195831298, epoch:144
INFO:root:avg_epoch_loss:0.13559770695214077, epoch:145
INFO:root:avg_epoch_loss:0.1242199468151822, epoch:146
INFO:root:avg_epoch_loss:0.12957590816140538, epoch:147
INFO:root:avg_epoch_loss:0.1332907285824373, epoch:148
INFO:root:avg_epoch_loss:0.13648164632948154, epoch:149
INFO:root:valid_avg_epoch_loss0.1412738122045994, epoch:149
INFO:root:avg_epoch_loss:0.12497448050176391, epoch:150
INFO:root:avg_epoch_loss:0.13121207603564808, epoch:151
INFO:root:avg_epoch_loss:0.12403068981362693, epoch:152
INFO:root:avg_epoch_loss:0.12254454074908716, epoch:153
INFO:root:avg_epoch_loss:0.12295718327742126, epoch:154
INFO:root:valid_avg_epoch_loss0.1392323635518551, epoch:154
INFO:root:best loss is updated to 0.1392323635518551 at 154
INFO:root:avg_epoch_loss:0.1276107692686235, epoch:155
INFO:root:avg_epoch_loss:0.12713922593618054, epoch:156
INFO:root:avg_epoch_loss:0.12141465994113303, epoch:157
INFO:root:avg_epoch_loss:0.12450503078671483, epoch:158
INFO:root:avg_epoch_loss:0.12049201250042325, epoch:159
INFO:root:valid_avg_epoch_loss0.13924914449453354, epoch:159
INFO:root:avg_epoch_loss:0.12592417047016527, epoch:160
INFO:root:avg_epoch_loss:0.12479852573481873, epoch:161
INFO:root:avg_epoch_loss:0.12435907532112803, epoch:162
INFO:root:avg_epoch_loss:0.12149013759919348, epoch:163
INFO:root:avg_epoch_loss:0.12078852147871691, epoch:164
INFO:root:valid_avg_epoch_loss0.1393688663840294, epoch:164
INFO:root:avg_epoch_loss:0.12733873829817383, epoch:165
INFO:root:avg_epoch_loss:0.12384815399512354, epoch:166
INFO:root:avg_epoch_loss:0.12459676424154621, epoch:167
INFO:root:avg_epoch_loss:0.1227689987008876, epoch:168
INFO:root:avg_epoch_loss:0.12658956849460679, epoch:169
INFO:root:valid_avg_epoch_loss0.13773925378918647, epoch:169
INFO:root:best loss is updated to 0.13773925378918647 at 169
INFO:root:avg_epoch_loss:0.12442975925808167, epoch:170
INFO:root:avg_epoch_loss:0.13251491509219435, epoch:171
INFO:root:avg_epoch_loss:0.11964135149941074, epoch:172
INFO:root:avg_epoch_loss:0.13051498214230167, epoch:173
INFO:root:avg_epoch_loss:0.12900332656425728, epoch:174
INFO:root:valid_avg_epoch_loss0.1410356305539608, epoch:174
INFO:root:avg_epoch_loss:0.12900058597632003, epoch:175
INFO:root:avg_epoch_loss:0.12051573747027337, epoch:176
INFO:root:avg_epoch_loss:0.12585802588860948, epoch:177
INFO:root:avg_epoch_loss:0.12735788518489313, epoch:178
INFO:root:avg_epoch_loss:0.1197415648203762, epoch:179
INFO:root:valid_avg_epoch_loss0.13961941450834275, epoch:179
INFO:root:avg_epoch_loss:0.1304451066994966, epoch:180
INFO:root:avg_epoch_loss:0.1128434959790559, epoch:181
INFO:root:avg_epoch_loss:0.1248152958615584, epoch:182
INFO:root:avg_epoch_loss:0.12308321626415324, epoch:183
INFO:root:avg_epoch_loss:0.12529192145596793, epoch:184
INFO:root:valid_avg_epoch_loss0.1386973924934864, epoch:184
INFO:root:avg_epoch_loss:0.12119603090803492, epoch:185
INFO:root:avg_epoch_loss:0.12189402192615902, epoch:186
INFO:root:avg_epoch_loss:0.12434682518662743, epoch:187
INFO:root:avg_epoch_loss:0.1158722684432761, epoch:188
INFO:root:avg_epoch_loss:0.1162487060103373, epoch:189
INFO:root:valid_avg_epoch_loss0.13934489861130714, epoch:189
INFO:root:avg_epoch_loss:0.11956251273002465, epoch:190
INFO:root:avg_epoch_loss:0.125976845472032, epoch:191
INFO:root:avg_epoch_loss:0.12423889612280806, epoch:192
INFO:root:avg_epoch_loss:0.12898001297713912, epoch:193
INFO:root:avg_epoch_loss:0.12654067744503766, epoch:194
INFO:root:valid_avg_epoch_loss0.13877739682793616, epoch:194
INFO:root:avg_epoch_loss:0.12079544200018433, epoch:195
INFO:root:avg_epoch_loss:0.12497404986981156, epoch:196
INFO:root:avg_epoch_loss:0.12070875894561364, epoch:197
INFO:root:avg_epoch_loss:0.11627774706568943, epoch:198
INFO:root:avg_epoch_loss:0.12132567718857191, epoch:199
INFO:root:valid_avg_epoch_loss0.1391143061220646, epoch:199
INFO:root:model_name=
INFO:root:rmse_total=33.5617080282017
INFO:root:mae_total=17.80668410507569
INFO:root:batch_no=1
INFO:root:rmse_total=26.60018692119152
INFO:root:mae_total=13.510612741221133
INFO:root:batch_no=2
INFO:root:rmse_total=21.5064975312116
INFO:root:mae_total=10.747714086778888
INFO:root:batch_no=3
INFO:root:rmse_total=18.394930049992976
INFO:root:mae_total=9.359789346983751
INFO:root:batch_no=4
INFO:root:rmse_total=18.223599425059398
INFO:root:mae_total=9.312678431218593
INFO:root:batch_no=5
INFO:root:rmse_total=18.19116328905987
INFO:root:mae_total=9.275705018481759
INFO:root:batch_no=6
INFO:root:RMSE=18.19116328905987
INFO:root:MAE=9.275705018481759
INFO:root:CRPS=0.10350683488343891
INFO:root:std=1.842704658040668
1.6266080697917502 1.722508303163681 2.9715229917657093

