INFO:root:avg_epoch_loss:0.3065139737806784, epoch:0
INFO:root:avg_epoch_loss:0.21639027708071343, epoch:1
INFO:root:avg_epoch_loss:0.18557188092620538, epoch:2
INFO:root:avg_epoch_loss:0.18409132615501758, epoch:3
INFO:root:avg_epoch_loss:0.18428764213159635, epoch:4
INFO:root:avg_epoch_loss:0.17894414735895703, epoch:5
INFO:root:avg_epoch_loss:0.17581564077037445, epoch:6
INFO:root:avg_epoch_loss:0.16817121841239893, epoch:7
INFO:root:avg_epoch_loss:0.1743137765007722, epoch:8
INFO:root:avg_epoch_loss:0.16595541747530362, epoch:9
INFO:root:avg_epoch_loss:0.16277486765275972, epoch:10
INFO:root:avg_epoch_loss:0.1672827605905413, epoch:11
INFO:root:avg_epoch_loss:0.15335429323933408, epoch:12
INFO:root:avg_epoch_loss:0.1691716478282648, epoch:13
INFO:root:avg_epoch_loss:0.16645068915328717, epoch:14
INFO:root:avg_epoch_loss:0.16971013797475393, epoch:15
INFO:root:avg_epoch_loss:0.1574389703039612, epoch:16
INFO:root:avg_epoch_loss:0.15146073371194596, epoch:17
INFO:root:avg_epoch_loss:0.1570475485323048, epoch:18
INFO:root:avg_epoch_loss:0.16304774296761557, epoch:19
INFO:root:avg_epoch_loss:0.1516259368452439, epoch:20
INFO:root:avg_epoch_loss:0.158807469175217, epoch:21
INFO:root:avg_epoch_loss:0.15460051107574196, epoch:22
INFO:root:avg_epoch_loss:0.15615492641903167, epoch:23
INFO:root:avg_epoch_loss:0.15403691647534676, epoch:24
INFO:root:avg_epoch_loss:0.14414639409212537, epoch:25
INFO:root:avg_epoch_loss:0.15891573656248467, epoch:26
INFO:root:avg_epoch_loss:0.15594103757863848, epoch:27
INFO:root:avg_epoch_loss:0.1471323271601894, epoch:28
INFO:root:avg_epoch_loss:0.15289779316554677, epoch:29
INFO:root:avg_epoch_loss:0.15494147175215298, epoch:30
INFO:root:avg_epoch_loss:0.1547961963402917, epoch:31
INFO:root:avg_epoch_loss:0.14419763688688764, epoch:32
INFO:root:avg_epoch_loss:0.149144950467176, epoch:33
INFO:root:avg_epoch_loss:0.15036535339492252, epoch:34
INFO:root:avg_epoch_loss:0.15391448294704266, epoch:35
INFO:root:avg_epoch_loss:0.14888670246787708, epoch:36
INFO:root:avg_epoch_loss:0.1565323110760436, epoch:37
INFO:root:avg_epoch_loss:0.15189354962706114, epoch:38
INFO:root:avg_epoch_loss:0.1538135377480719, epoch:39
INFO:root:avg_epoch_loss:0.13504221599186716, epoch:40
INFO:root:avg_epoch_loss:0.1511767588125536, epoch:41
INFO:root:avg_epoch_loss:0.14040162540847678, epoch:42
INFO:root:avg_epoch_loss:0.13748406441627484, epoch:43
INFO:root:avg_epoch_loss:0.14266574842781735, epoch:44
INFO:root:avg_epoch_loss:0.14391371768284986, epoch:45
INFO:root:avg_epoch_loss:0.14525972357965258, epoch:46
INFO:root:avg_epoch_loss:0.14999025579298475, epoch:47
INFO:root:avg_epoch_loss:0.1501887912457203, epoch:48
INFO:root:avg_epoch_loss:0.1537369560920223, epoch:49
INFO:root:avg_epoch_loss:0.14657122519795746, epoch:50
INFO:root:avg_epoch_loss:0.14919578704394196, epoch:51
INFO:root:avg_epoch_loss:0.14714411058177249, epoch:52
INFO:root:avg_epoch_loss:0.14261458492568924, epoch:53
INFO:root:avg_epoch_loss:0.14696935965116265, epoch:54
INFO:root:avg_epoch_loss:0.1404122616897555, epoch:55
INFO:root:avg_epoch_loss:0.14504260033946542, epoch:56
INFO:root:avg_epoch_loss:0.15247582540193455, epoch:57
INFO:root:avg_epoch_loss:0.13493310027447245, epoch:58
INFO:root:avg_epoch_loss:0.14550155861795763, epoch:59
INFO:root:avg_epoch_loss:0.13534999539718984, epoch:60
INFO:root:avg_epoch_loss:0.14869664815795186, epoch:61
INFO:root:avg_epoch_loss:0.14412425425877415, epoch:62
INFO:root:avg_epoch_loss:0.14696058329183462, epoch:63
INFO:root:avg_epoch_loss:0.14835616659180553, epoch:64
INFO:root:avg_epoch_loss:0.15164345081352082, epoch:65
INFO:root:avg_epoch_loss:0.1448436141223576, epoch:66
INFO:root:avg_epoch_loss:0.14744307547184923, epoch:67
INFO:root:avg_epoch_loss:0.14600725914139334, epoch:68
INFO:root:avg_epoch_loss:0.14491997591267966, epoch:69
INFO:root:avg_epoch_loss:0.13898611441820768, epoch:70
INFO:root:avg_epoch_loss:0.15198863987275896, epoch:71
INFO:root:avg_epoch_loss:0.15935377041189322, epoch:72
INFO:root:avg_epoch_loss:0.15036098296983355, epoch:73
INFO:root:avg_epoch_loss:0.1391092580049596, epoch:74
INFO:root:avg_epoch_loss:0.1452497253505836, epoch:75
INFO:root:avg_epoch_loss:0.15041819190759337, epoch:76
INFO:root:avg_epoch_loss:0.13939829320168423, epoch:77
INFO:root:avg_epoch_loss:0.14186897771404688, epoch:78
INFO:root:avg_epoch_loss:0.14534204376233023, epoch:79
INFO:root:avg_epoch_loss:0.14374265340822084, epoch:80
INFO:root:avg_epoch_loss:0.14012435116836275, epoch:81
INFO:root:avg_epoch_loss:0.15194454172054322, epoch:82
INFO:root:avg_epoch_loss:0.14052958400370866, epoch:83
INFO:root:avg_epoch_loss:0.13726755674634028, epoch:84
INFO:root:avg_epoch_loss:0.14349162952810254, epoch:85
INFO:root:avg_epoch_loss:0.14228835703640905, epoch:86
INFO:root:avg_epoch_loss:0.14155990108111619, epoch:87
INFO:root:avg_epoch_loss:0.14621790654187325, epoch:88
INFO:root:avg_epoch_loss:0.14651475234189296, epoch:89
INFO:root:avg_epoch_loss:0.142317348216465, epoch:90
INFO:root:avg_epoch_loss:0.1480172663660986, epoch:91
INFO:root:avg_epoch_loss:0.14787576700586225, epoch:92
INFO:root:avg_epoch_loss:0.15160386726305478, epoch:93
INFO:root:avg_epoch_loss:0.14255563287690032, epoch:94
INFO:root:avg_epoch_loss:0.12986688624422058, epoch:95
INFO:root:avg_epoch_loss:0.1462656755487245, epoch:96
INFO:root:avg_epoch_loss:0.14961858345959958, epoch:97
INFO:root:avg_epoch_loss:0.14288409605712876, epoch:98
INFO:root:avg_epoch_loss:0.14879196585017315, epoch:99
INFO:root:avg_epoch_loss:0.14290515205746454, epoch:100
INFO:root:avg_epoch_loss:0.1376414753519293, epoch:101
INFO:root:avg_epoch_loss:0.14298848466704228, epoch:102
INFO:root:avg_epoch_loss:0.1390566090744634, epoch:103
INFO:root:avg_epoch_loss:0.14184248681381165, epoch:104
INFO:root:valid_avg_epoch_loss0.14188667461276055, epoch:104
INFO:root:best loss is updated to 0.14188667461276055 at 104
INFO:root:avg_epoch_loss:0.14104591903353172, epoch:105
INFO:root:avg_epoch_loss:0.13758795182461253, epoch:106
INFO:root:avg_epoch_loss:0.13801424908748966, epoch:107
INFO:root:avg_epoch_loss:0.1344718650141929, epoch:108
INFO:root:avg_epoch_loss:0.1441249113365736, epoch:109
INFO:root:valid_avg_epoch_loss0.1369290232658386, epoch:109
INFO:root:best loss is updated to 0.1369290232658386 at 109
INFO:root:avg_epoch_loss:0.13797833763012, epoch:110
INFO:root:avg_epoch_loss:0.13827498305283237, epoch:111
INFO:root:avg_epoch_loss:0.13508412777233902, epoch:112
INFO:root:avg_epoch_loss:0.14653648885453863, epoch:113
INFO:root:avg_epoch_loss:0.13915641873927737, epoch:114
INFO:root:valid_avg_epoch_loss0.1370181180536747, epoch:114
INFO:root:avg_epoch_loss:0.15103362477455276, epoch:115
INFO:root:avg_epoch_loss:0.1429071058052108, epoch:116
INFO:root:avg_epoch_loss:0.13858921064126184, epoch:117
INFO:root:avg_epoch_loss:0.14283714615272805, epoch:118
INFO:root:avg_epoch_loss:0.1348393571260173, epoch:119
INFO:root:valid_avg_epoch_loss0.14122479557991027, epoch:119
INFO:root:avg_epoch_loss:0.13606396237654345, epoch:120
INFO:root:avg_epoch_loss:0.15282945306886747, epoch:121
INFO:root:avg_epoch_loss:0.14601219924999045, epoch:122
INFO:root:avg_epoch_loss:0.1385964139288229, epoch:123
INFO:root:avg_epoch_loss:0.14322894415039694, epoch:124
INFO:root:valid_avg_epoch_loss0.1369463972747326, epoch:124
INFO:root:avg_epoch_loss:0.1440002132365678, epoch:125
INFO:root:avg_epoch_loss:0.1340532251973396, epoch:126
INFO:root:avg_epoch_loss:0.1336779803275428, epoch:127
INFO:root:avg_epoch_loss:0.13536590349784058, epoch:128
INFO:root:avg_epoch_loss:0.13919578974155036, epoch:129
INFO:root:valid_avg_epoch_loss0.13640060573816298, epoch:129
INFO:root:best loss is updated to 0.13640060573816298 at 129
INFO:root:avg_epoch_loss:0.14626243334875008, epoch:130
INFO:root:avg_epoch_loss:0.13720694858875226, epoch:131
INFO:root:avg_epoch_loss:0.14460451546617667, epoch:132
INFO:root:avg_epoch_loss:0.1421047855327104, epoch:133
INFO:root:avg_epoch_loss:0.14505921918785591, epoch:134
INFO:root:valid_avg_epoch_loss0.13430143296718597, epoch:134
INFO:root:best loss is updated to 0.13430143296718597 at 134
INFO:root:avg_epoch_loss:0.1359713808194618, epoch:135
INFO:root:avg_epoch_loss:0.14086465871295578, epoch:136
INFO:root:avg_epoch_loss:0.14190178129561584, epoch:137
INFO:root:avg_epoch_loss:0.1414475953121497, epoch:138
INFO:root:avg_epoch_loss:0.13721093433091025, epoch:139
INFO:root:valid_avg_epoch_loss0.13761788830161095, epoch:139
INFO:root:avg_epoch_loss:0.14345673434323092, epoch:140
INFO:root:avg_epoch_loss:0.13116222177561385, epoch:141
INFO:root:avg_epoch_loss:0.14291476870187783, epoch:142
INFO:root:avg_epoch_loss:0.1413466510643169, epoch:143
INFO:root:avg_epoch_loss:0.142677605092684, epoch:144
INFO:root:valid_avg_epoch_loss0.13655535206198693, epoch:144
INFO:root:avg_epoch_loss:0.13564056178447323, epoch:145
INFO:root:avg_epoch_loss:0.14302099176249425, epoch:146
INFO:root:avg_epoch_loss:0.15065663195523718, epoch:147
INFO:root:avg_epoch_loss:0.13847570102463694, epoch:148
INFO:root:avg_epoch_loss:0.1354557242170882, epoch:149
INFO:root:valid_avg_epoch_loss0.13208279088139535, epoch:149
INFO:root:best loss is updated to 0.13208279088139535 at 149
INFO:root:avg_epoch_loss:0.12212060560050525, epoch:150
INFO:root:avg_epoch_loss:0.13473263615883865, epoch:151
INFO:root:avg_epoch_loss:0.1330877824610037, epoch:152
INFO:root:avg_epoch_loss:0.1287084248672044, epoch:153
INFO:root:avg_epoch_loss:0.13015040345942902, epoch:154
INFO:root:valid_avg_epoch_loss0.13369485661387442, epoch:154
INFO:root:avg_epoch_loss:0.138351446345992, epoch:155
INFO:root:avg_epoch_loss:0.13722992941488069, epoch:156
INFO:root:avg_epoch_loss:0.129450689011896, epoch:157
INFO:root:avg_epoch_loss:0.13318705097220182, epoch:158
INFO:root:avg_epoch_loss:0.13484643493413834, epoch:159
INFO:root:valid_avg_epoch_loss0.1309642270207405, epoch:159
INFO:root:best loss is updated to 0.1309642270207405 at 159
INFO:root:avg_epoch_loss:0.12667296564639588, epoch:160
INFO:root:avg_epoch_loss:0.12800212117410223, epoch:161
INFO:root:avg_epoch_loss:0.13641004226705494, epoch:162
INFO:root:avg_epoch_loss:0.1333851409555161, epoch:163
INFO:root:avg_epoch_loss:0.12671315843822564, epoch:164
INFO:root:valid_avg_epoch_loss0.13009127080440522, epoch:164
INFO:root:best loss is updated to 0.13009127080440522 at 164
INFO:root:avg_epoch_loss:0.137774001263467, epoch:165
INFO:root:avg_epoch_loss:0.14145856361134165, epoch:166
INFO:root:avg_epoch_loss:0.1402814236234613, epoch:167
INFO:root:avg_epoch_loss:0.13529405445653073, epoch:168
INFO:root:avg_epoch_loss:0.12790718565958248, epoch:169
INFO:root:valid_avg_epoch_loss0.13264110013842584, epoch:169
INFO:root:avg_epoch_loss:0.13263756279355216, epoch:170
INFO:root:avg_epoch_loss:0.1336334073338601, epoch:171
INFO:root:avg_epoch_loss:0.13033936356157516, epoch:172
INFO:root:avg_epoch_loss:0.11963238605046164, epoch:173
INFO:root:avg_epoch_loss:0.13453057198572937, epoch:174
INFO:root:valid_avg_epoch_loss0.13351136371493338, epoch:174
INFO:root:avg_epoch_loss:0.13322039215477313, epoch:175
INFO:root:avg_epoch_loss:0.13390759284973236, epoch:176
INFO:root:avg_epoch_loss:0.13258042115163296, epoch:177
INFO:root:avg_epoch_loss:0.1317643161529058, epoch:178
INFO:root:avg_epoch_loss:0.12493122409814035, epoch:179
INFO:root:valid_avg_epoch_loss0.1301526129245758, epoch:179
INFO:root:avg_epoch_loss:0.12842631142156194, epoch:180
INFO:root:avg_epoch_loss:0.13300059299129074, epoch:181
INFO:root:avg_epoch_loss:0.12245871899734424, epoch:182
INFO:root:avg_epoch_loss:0.12762140823063925, epoch:183
INFO:root:avg_epoch_loss:0.12185669224709272, epoch:184
INFO:root:valid_avg_epoch_loss0.13074531108140947, epoch:184
INFO:root:avg_epoch_loss:0.11958483215364824, epoch:185
INFO:root:avg_epoch_loss:0.1333934031285368, epoch:186
INFO:root:avg_epoch_loss:0.12774734614745326, epoch:187
INFO:root:avg_epoch_loss:0.12507967421881244, epoch:188
INFO:root:avg_epoch_loss:0.13124430093823686, epoch:189
INFO:root:valid_avg_epoch_loss0.13232532292604446, epoch:189
INFO:root:avg_epoch_loss:0.12856478811069008, epoch:190
INFO:root:avg_epoch_loss:0.12480135780609125, epoch:191
INFO:root:avg_epoch_loss:0.12593814378213647, epoch:192
INFO:root:avg_epoch_loss:0.13447629828515567, epoch:193
INFO:root:avg_epoch_loss:0.13852893506490985, epoch:194
INFO:root:valid_avg_epoch_loss0.13663856387138368, epoch:194
INFO:root:avg_epoch_loss:0.13029449406479085, epoch:195
INFO:root:avg_epoch_loss:0.12739012057618393, epoch:196
INFO:root:avg_epoch_loss:0.13466978204184663, epoch:197
INFO:root:avg_epoch_loss:0.11981741656297337, epoch:198
INFO:root:avg_epoch_loss:0.13170793910417422, epoch:199
INFO:root:valid_avg_epoch_loss0.1310191996395588, epoch:199
INFO:root:model_name=
INFO:root:rmse_total=32.07586107585877
INFO:root:mae_total=16.611102608340754
INFO:root:batch_no=1
INFO:root:rmse_total=25.513065898799177
INFO:root:mae_total=12.832706595025309
INFO:root:batch_no=2
INFO:root:rmse_total=20.768882878625803
INFO:root:mae_total=10.450033627656724
INFO:root:batch_no=3
INFO:root:rmse_total=17.860721003824178
INFO:root:mae_total=9.170461583890297
INFO:root:batch_no=4
INFO:root:rmse_total=17.812255728731515
INFO:root:mae_total=9.177676075690954
INFO:root:batch_no=5
INFO:root:rmse_total=17.8027708100377
INFO:root:mae_total=9.156091859385706
INFO:root:batch_no=6
INFO:root:RMSE=17.8027708100377
INFO:root:MAE=9.156091859385706
INFO:root:CRPS=0.10207286006525944
INFO:root:std=1.8760917808987259
1.7373200193563643 1.7177927635521553 2.7794366652306244

